Determining if the pthread_create exist failed with the following output:
Change Dir: /home/ubuntu/catkin_ws/src/hybrid_local_map/uavInfo/cmake-build-debug/CMakeFiles/CMakeTmp

Run Build Command:"/usr/bin/make" "cmTC_e2385/fast"
/usr/bin/make -f CMakeFiles/cmTC_e2385.dir/build.make CMakeFiles/cmTC_e2385.dir/build
make[1]: Entering directory '/home/ubuntu/catkin_ws/src/hybrid_local_map/uavInfo/cmake-build-debug/CMakeFiles/CMakeTmp'
Building C object CMakeFiles/cmTC_e2385.dir/CheckSymbolExists.c.o
/usr/bin/cc    -o CMakeFiles/cmTC_e2385.dir/CheckSymbolExists.c.o   -c /home/ubuntu/catkin_ws/src/hybrid_local_map/uavInfo/cmake-build-debug/CMakeFiles/CMakeTmp/CheckSymbolExists.c
Linking C executable cmTC_e2385
/home/ubuntu/Downloads/clion-2018.1.2/bin/cmake/bin/cmake -E cmake_link_script CMakeFiles/cmTC_e2385.dir/link.txt --verbose=1
/usr/bin/cc      -rdynamic CMakeFiles/cmTC_e2385.dir/CheckSymbolExists.c.o  -o cmTC_e2385 
CMakeFiles/cmTC_e2385.dir/CheckSymbolExists.c.o: In function `main':
CheckSymbolExists.c:(.text+0x16): undefined reference to `pthread_create'
collect2: error: ld returned 1 exit status
CMakeFiles/cmTC_e2385.dir/build.make:97: recipe for target 'cmTC_e2385' failed
make[1]: *** [cmTC_e2385] Error 1
make[1]: Leaving directory '/home/ubuntu/catkin_ws/src/hybrid_local_map/uavInfo/cmake-build-debug/CMakeFiles/CMakeTmp'
Makefile:126: recipe for target 'cmTC_e2385/fast' failed
make: *** [cmTC_e2385/fast] Error 2

File /home/ubuntu/catkin_ws/src/hybrid_local_map/uavInfo/cmake-build-debug/CMakeFiles/CMakeTmp/CheckSymbolExists.c:
/* */
#include <pthread.h>

int main(int argc, char** argv)
{
  (void)argv;
#ifndef pthread_create
  return ((int*)(&pthread_create))[argc];
#else
  (void)argc;
  return 0;
#endif
}

Determining if the function pthread_create exists in the pthreads failed with the following output:
Change Dir: /home/ubuntu/catkin_ws/src/hybrid_local_map/uavInfo/cmake-build-debug/CMakeFiles/CMakeTmp

Run Build Command:"/usr/bin/make" "cmTC_78296/fast"
/usr/bin/make -f CMakeFiles/cmTC_78296.dir/build.make CMakeFiles/cmTC_78296.dir/build
make[1]: Entering directory '/home/ubuntu/catkin_ws/src/hybrid_local_map/uavInfo/cmake-build-debug/CMakeFiles/CMakeTmp'
Building C object CMakeFiles/cmTC_78296.dir/CheckFunctionExists.c.o
/usr/bin/cc   -DCHECK_FUNCTION_EXISTS=pthread_create   -o CMakeFiles/cmTC_78296.dir/CheckFunctionExists.c.o   -c /home/ubuntu/Downloads/clion-2018.1.2/bin/cmake/share/cmake-3.10/Modules/CheckFunctionExists.c
Linking C executable cmTC_78296
/home/ubuntu/Downloads/clion-2018.1.2/bin/cmake/bin/cmake -E cmake_link_script CMakeFiles/cmTC_78296.dir/link.txt --verbose=1
/usr/bin/cc  -DCHECK_FUNCTION_EXISTS=pthread_create    -rdynamic CMakeFiles/cmTC_78296.dir/CheckFunctionExists.c.o  -o cmTC_78296 -lpthreads 
/usr/bin/ld: cannot find -lpthreads
collect2: error: ld returned 1 exit status
CMakeFiles/cmTC_78296.dir/build.make:97: recipe for target 'cmTC_78296' failed
make[1]: *** [cmTC_78296] Error 1
make[1]: Leaving directory '/home/ubuntu/catkin_ws/src/hybrid_local_map/uavInfo/cmake-build-debug/CMakeFiles/CMakeTmp'
Makefile:126: recipe for target 'cmTC_78296/fast' failed
make: *** [cmTC_78296/fast] Error 2


