Determining if the pthread_create exist failed with the following output:
Change Dir: /home/clarence/git/ring_buffer/ewok_ring_buffer/cmake-build-debug/CMakeFiles/CMakeTmp

Run Build Command:"/usr/bin/make" "cmTC_549e6/fast"
/usr/bin/make -f CMakeFiles/cmTC_549e6.dir/build.make CMakeFiles/cmTC_549e6.dir/build
make[1]: Entering directory '/home/clarence/git/ring_buffer/ewok_ring_buffer/cmake-build-debug/CMakeFiles/CMakeTmp'
Building C object CMakeFiles/cmTC_549e6.dir/CheckSymbolExists.c.o
/usr/bin/cc    -o CMakeFiles/cmTC_549e6.dir/CheckSymbolExists.c.o   -c /home/clarence/git/ring_buffer/ewok_ring_buffer/cmake-build-debug/CMakeFiles/CMakeTmp/CheckSymbolExists.c
Linking C executable cmTC_549e6
/home/clarence/Downloads/clion-2018.1.2/bin/cmake/bin/cmake -E cmake_link_script CMakeFiles/cmTC_549e6.dir/link.txt --verbose=1
/usr/bin/cc      -rdynamic CMakeFiles/cmTC_549e6.dir/CheckSymbolExists.c.o  -o cmTC_549e6 
CMakeFiles/cmTC_549e6.dir/CheckSymbolExists.c.o: In function `main':
CheckSymbolExists.c:(.text+0x16): undefined reference to `pthread_create'
collect2: error: ld returned 1 exit status
CMakeFiles/cmTC_549e6.dir/build.make:97: recipe for target 'cmTC_549e6' failed
make[1]: *** [cmTC_549e6] Error 1
make[1]: Leaving directory '/home/clarence/git/ring_buffer/ewok_ring_buffer/cmake-build-debug/CMakeFiles/CMakeTmp'
Makefile:126: recipe for target 'cmTC_549e6/fast' failed
make: *** [cmTC_549e6/fast] Error 2

File /home/clarence/git/ring_buffer/ewok_ring_buffer/cmake-build-debug/CMakeFiles/CMakeTmp/CheckSymbolExists.c:
/* */
#include <pthread.h>

int main(int argc, char** argv)
{
  (void)argv;
#ifndef pthread_create
  return ((int*)(&pthread_create))[argc];
#else
  (void)argc;
  return 0;
#endif
}

Determining if the function pthread_create exists in the pthreads failed with the following output:
Change Dir: /home/clarence/git/ring_buffer/ewok_ring_buffer/cmake-build-debug/CMakeFiles/CMakeTmp

Run Build Command:"/usr/bin/make" "cmTC_7699c/fast"
/usr/bin/make -f CMakeFiles/cmTC_7699c.dir/build.make CMakeFiles/cmTC_7699c.dir/build
make[1]: Entering directory '/home/clarence/git/ring_buffer/ewok_ring_buffer/cmake-build-debug/CMakeFiles/CMakeTmp'
Building C object CMakeFiles/cmTC_7699c.dir/CheckFunctionExists.c.o
/usr/bin/cc   -DCHECK_FUNCTION_EXISTS=pthread_create   -o CMakeFiles/cmTC_7699c.dir/CheckFunctionExists.c.o   -c /home/clarence/Downloads/clion-2018.1.2/bin/cmake/share/cmake-3.10/Modules/CheckFunctionExists.c
Linking C executable cmTC_7699c
/home/clarence/Downloads/clion-2018.1.2/bin/cmake/bin/cmake -E cmake_link_script CMakeFiles/cmTC_7699c.dir/link.txt --verbose=1
/usr/bin/cc  -DCHECK_FUNCTION_EXISTS=pthread_create    -rdynamic CMakeFiles/cmTC_7699c.dir/CheckFunctionExists.c.o  -o cmTC_7699c -lpthreads 
/usr/bin/ld: cannot find -lpthreads
collect2: error: ld returned 1 exit status
CMakeFiles/cmTC_7699c.dir/build.make:97: recipe for target 'cmTC_7699c' failed
make[1]: *** [cmTC_7699c] Error 1
make[1]: Leaving directory '/home/clarence/git/ring_buffer/ewok_ring_buffer/cmake-build-debug/CMakeFiles/CMakeTmp'
Makefile:126: recipe for target 'cmTC_7699c/fast' failed
make: *** [cmTC_7699c/fast] Error 2


